<?xml version="1.0" encoding="UTF-8"?>
<testng-results skipped="0" failed="1" total="1" passed="0">
  <reporter-output>
  </reporter-output>
  <suite name="Default suite" duration-ms="503" started-at="2015-05-10T12:46:33Z" finished-at="2015-05-10T12:46:33Z">
    <groups>
    </groups>
    <test name="Default test" duration-ms="503" started-at="2015-05-10T12:46:33Z" finished-at="2015-05-10T12:46:33Z">
      <class name="com.FCI.SWE.Services.ServiceTest">
        <test-method status="PASS" signature="setUp()[pri:0, instance:com.FCI.SWE.Services.ServiceTest@7e13efdf]" name="setUp" is-config="true" duration-ms="31" started-at="2015-05-10T15:46:33Z" finished-at="2015-05-10T15:46:33Z">
          <reporter-output>
          </reporter-output>
        </test-method> <!-- setUp -->
        <test-method status="FAIL" signature="getPostsTest(java.lang.String, java.lang.String)[pri:0, instance:com.FCI.SWE.Services.ServiceTest@7e13efdf]" name="getPostsTest" duration-ms="306" started-at="2015-05-10T15:46:33Z" data-provider="test5" finished-at="2015-05-10T15:46:33Z">
          <params>
            <param index="0">
              <value>
                <![CDATA[amir : feeling good</br>sddddddddddddd</br>0 <form action="/rest/like" method="post"><input type="submit" value="Like"><input type="hidden" name="text" value=1></form> <form action="/rest/share" method="post"><input type="submit" value="Share"><input type="hidden" name="text" value=1></form>amir : feeling jjj</br>asdasd#zamalek adsd</br>0 <form action="/rest/like" method="post"><input type="submit" value="Like"><input type="hidden" name="text" value=3></form> <form action="/rest/share" method="post"><input type="submit" value="Share"><input type="hidden" name="text" value=3></form>m : feeling ww</br>sdfsdf#amir asdasd</br>0 <form action="/rest/like" method="post"><input type="submit" value="Like"><input type="hidden" name="text" value=4></form> <form action="/rest/share" method="post"><input type="submit" value="Share"><input type="hidden" name="text" value=4></form>m : feeling a</br>#mohammed asdasd</br>0 <form action="/rest/like" method="post"><input type="submit" value="Like"><input type="hidden" name="text" value=5></form> <form action="/rest/share" method="post"><input type="submit" value="Share"><input type="hidden" name="text" value=5></form>m : feeling ddd</br>mohamed #mo7sen abo gresha</br>0 <form action="/rest/like" method="post"><input type="submit" value="Like"><input type="hidden" name="text" value=6></form> <form action="/rest/share" method="post"><input type="submit" value="Share"><input type="hidden" name="text" value=6></form>m : feeling dd</br>#mohamed #3adel</br>0 <form action="/rest/like" method="post"><input type="submit" value="Like"><input type="hidden" name="text" value=7></form> <form action="/rest/share" method="post"><input type="submit" value="Share"><input type="hidden" name="text" value=7></form>m : Shared amir's post :   feeling good</br>sddddddddddddd</br>0 <form action="/rest/like" method="post"><input type="submit" value="Like"><input type="hidden" name="text" value=8></form> <form action="/rest/share" method="post"><input type="submit" value="Share"><input type="hidden" name="text" value=8></form>]]>
              </value>
            </param>
            <param index="1">
              <value>
                <![CDATA[Public]]>
              </value>
            </param>
          </params>
          <exception class="java.lang.AssertionError">
            <message>
              <![CDATA[expected [] but found [amir : feeling good</br>sddddddddddddd</br>0 <form action="/rest/like" method="post"><input type="submit" value="Like"><input type="hidden" name="text" value=1></form> <form action="/rest/share" method="post"><input type="submit" value="Share"><input type="hidden" name="text" value=1></form>amir : feeling jjj</br>asdasd#zamalek adsd</br>0 <form action="/rest/like" method="post"><input type="submit" value="Like"><input type="hidden" name="text" value=3></form> <form action="/rest/share" method="post"><input type="submit" value="Share"><input type="hidden" name="text" value=3></form>m : feeling ww</br>sdfsdf#amir asdasd</br>0 <form action="/rest/like" method="post"><input type="submit" value="Like"><input type="hidden" name="text" value=4></form> <form action="/rest/share" method="post"><input type="submit" value="Share"><input type="hidden" name="text" value=4></form>m : feeling a</br>#mohammed asdasd</br>0 <form action="/rest/like" method="post"><input type="submit" value="Like"><input type="hidden" name="text" value=5></form> <form action="/rest/share" method="post"><input type="submit" value="Share"><input type="hidden" name="text" value=5></form>m : feeling ddd</br>mohamed #mo7sen abo gresha</br>0 <form action="/rest/like" method="post"><input type="submit" value="Like"><input type="hidden" name="text" value=6></form> <form action="/rest/share" method="post"><input type="submit" value="Share"><input type="hidden" name="text" value=6></form>m : feeling dd</br>#mohamed #3adel</br>0 <form action="/rest/like" method="post"><input type="submit" value="Like"><input type="hidden" name="text" value=7></form> <form action="/rest/share" method="post"><input type="submit" value="Share"><input type="hidden" name="text" value=7></form>m : Shared amir's post :   feeling good</br>sddddddddddddd</br>0 <form action="/rest/like" method="post"><input type="submit" value="Like"><input type="hidden" name="text" value=8></form> <form action="/rest/share" method="post"><input type="submit" value="Share"><input type="hidden" name="text" value=8></form>]]]>
            </message>
            <full-stacktrace>
              <![CDATA[java.lang.AssertionError: expected [] but found [amir : feeling good</br>sddddddddddddd</br>0 <form action="/rest/like" method="post"><input type="submit" value="Like"><input type="hidden" name="text" value=1></form> <form action="/rest/share" method="post"><input type="submit" value="Share"><input type="hidden" name="text" value=1></form>amir : feeling jjj</br>asdasd#zamalek adsd</br>0 <form action="/rest/like" method="post"><input type="submit" value="Like"><input type="hidden" name="text" value=3></form> <form action="/rest/share" method="post"><input type="submit" value="Share"><input type="hidden" name="text" value=3></form>m : feeling ww</br>sdfsdf#amir asdasd</br>0 <form action="/rest/like" method="post"><input type="submit" value="Like"><input type="hidden" name="text" value=4></form> <form action="/rest/share" method="post"><input type="submit" value="Share"><input type="hidden" name="text" value=4></form>m : feeling a</br>#mohammed asdasd</br>0 <form action="/rest/like" method="post"><input type="submit" value="Like"><input type="hidden" name="text" value=5></form> <form action="/rest/share" method="post"><input type="submit" value="Share"><input type="hidden" name="text" value=5></form>m : feeling ddd</br>mohamed #mo7sen abo gresha</br>0 <form action="/rest/like" method="post"><input type="submit" value="Like"><input type="hidden" name="text" value=6></form> <form action="/rest/share" method="post"><input type="submit" value="Share"><input type="hidden" name="text" value=6></form>m : feeling dd</br>#mohamed #3adel</br>0 <form action="/rest/like" method="post"><input type="submit" value="Like"><input type="hidden" name="text" value=7></form> <form action="/rest/share" method="post"><input type="submit" value="Share"><input type="hidden" name="text" value=7></form>m : Shared amir's post :   feeling good</br>sddddddddddddd</br>0 <form action="/rest/like" method="post"><input type="submit" value="Like"><input type="hidden" name="text" value=8></form> <form action="/rest/share" method="post"><input type="submit" value="Share"><input type="hidden" name="text" value=8></form>]
	at org.testng.Assert.fail(Assert.java:94)
	at org.testng.Assert.failNotEquals(Assert.java:494)
	at org.testng.Assert.assertEquals(Assert.java:123)
	at org.testng.Assert.assertEquals(Assert.java:176)
	at org.testng.Assert.assertEquals(Assert.java:186)
	at com.FCI.SWE.Services.ServiceTest.getPostsTest(ServiceTest.java:97)
	at sun.reflect.NativeMethodAccessorImpl.invoke0(Native Method)
	at sun.reflect.NativeMethodAccessorImpl.invoke(NativeMethodAccessorImpl.java:57)
	at sun.reflect.DelegatingMethodAccessorImpl.invoke(DelegatingMethodAccessorImpl.java:43)
	at java.lang.reflect.Method.invoke(Method.java:606)
	at org.testng.internal.MethodInvocationHelper.invokeMethod(MethodInvocationHelper.java:84)
	at org.testng.internal.Invoker.invokeMethod(Invoker.java:714)
	at org.testng.internal.Invoker.invokeTestMethod(Invoker.java:901)
	at org.testng.internal.Invoker.invokeTestMethods(Invoker.java:1231)
	at org.testng.internal.TestMethodWorker.invokeTestMethods(TestMethodWorker.java:127)
	at org.testng.internal.TestMethodWorker.run(TestMethodWorker.java:111)
	at org.testng.TestRunner.privateRun(TestRunner.java:767)
	at org.testng.TestRunner.run(TestRunner.java:617)
	at org.testng.SuiteRunner.runTest(SuiteRunner.java:334)
	at org.testng.SuiteRunner.runSequentially(SuiteRunner.java:329)
	at org.testng.SuiteRunner.privateRun(SuiteRunner.java:291)
	at org.testng.SuiteRunner.run(SuiteRunner.java:240)
	at org.testng.SuiteRunnerWorker.runSuite(SuiteRunnerWorker.java:52)
	at org.testng.SuiteRunnerWorker.run(SuiteRunnerWorker.java:86)
	at org.testng.TestNG.runSuitesSequentially(TestNG.java:1224)
	at org.testng.TestNG.runSuitesLocally(TestNG.java:1149)
	at org.testng.TestNG.run(TestNG.java:1057)
	at org.testng.remote.RemoteTestNG.run(RemoteTestNG.java:111)
	at org.testng.remote.RemoteTestNG.initAndRun(RemoteTestNG.java:204)
	at org.testng.remote.RemoteTestNG.main(RemoteTestNG.java:175)
]]>
            </full-stacktrace>
          </exception> <!-- java.lang.AssertionError -->
          <reporter-output>
          </reporter-output>
        </test-method> <!-- getPostsTest -->
        <test-method status="PASS" signature="tearDown()[pri:0, instance:com.FCI.SWE.Services.ServiceTest@7e13efdf]" name="tearDown" is-config="true" duration-ms="149" started-at="2015-05-10T15:46:33Z" finished-at="2015-05-10T15:46:33Z">
          <reporter-output>
          </reporter-output>
        </test-method> <!-- tearDown -->
      </class> <!-- com.FCI.SWE.Services.ServiceTest -->
    </test> <!-- Default test -->
  </suite> <!-- Default suite -->
</testng-results>
